[debug] [2021-05-26T15:38:34.291Z] ----------------------------------------------------------------------
[debug] [2021-05-26T15:38:34.293Z] Command:       /Users/jonomatusky/.nvm/versions/node/v14.15.0/bin/node /Users/jonomatusky/.nvm/versions/node/v14.15.0/bin/firebase deploy
[debug] [2021-05-26T15:38:34.293Z] CLI Version:   9.10.2
[debug] [2021-05-26T15:38:34.293Z] Platform:      darwin
[debug] [2021-05-26T15:38:34.293Z] Node Version:  v14.15.0
[debug] [2021-05-26T15:38:34.323Z] Time:          Wed May 26 2021 11:38:34 GMT-0400 (Eastern Daylight Time)
[debug] [2021-05-26T15:38:34.324Z] ----------------------------------------------------------------------
[debug] 
[debug] [2021-05-26T15:38:34.336Z] >>> [apiv2][query] GET https://firebase-public.firebaseio.com/cli.json [none]
[debug] [2021-05-26T15:38:34.365Z] > command requires scopes: ["email","openid","https://www.googleapis.com/auth/cloudplatformprojects.readonly","https://www.googleapis.com/auth/firebase","https://www.googleapis.com/auth/cloud-platform"]
[debug] [2021-05-26T15:38:34.365Z] > authorizing via signed-in user (jono@plynth.com)
[debug] [2021-05-26T15:38:34.366Z] [iam] checking project plynth-test for permissions ["firebase.projects.get","firebasehosting.sites.update"]
[debug] [2021-05-26T15:38:34.367Z] > refreshing access token with scopes: ["email","https://www.googleapis.com/auth/cloud-platform","https://www.googleapis.com/auth/cloudplatformprojects.readonly","https://www.googleapis.com/auth/firebase","openid"]
[debug] [2021-05-26T15:38:34.367Z] >>> HTTP REQUEST POST https://www.googleapis.com/oauth2/v3/token  
 <request body omitted>
[debug] [2021-05-26T15:39:50.197Z] [iam] error while checking permissions, command may fail: FirebaseError: Authentication Error: Your credentials are no longer valid. Please run firebase login --reauth

For CI servers and headless environments, generate a new token with firebase login:ci
[debug] [2021-05-26T15:39:50.199Z] > refreshing access token with scopes: []
[debug] [2021-05-26T15:39:50.199Z] >>> HTTP REQUEST POST https://www.googleapis.com/oauth2/v3/token  
 <request body omitted>
[debug] [2021-05-26T15:41:05.973Z] Authentication Error: Your credentials are no longer valid. Please run firebase login --reauth

For CI servers and headless environments, generate a new token with firebase login:ci
[debug] [2021-05-26T15:41:36.020Z] FirebaseError: Authentication Error: Your credentials are no longer valid. Please run firebase login --reauth

For CI servers and headless environments, generate a new token with firebase login:ci
    at invalidCredentialError (/Users/jonomatusky/.nvm/versions/node/v14.15.0/lib/node_modules/firebase-tools/lib/auth.js:141:12)
    at refreshTokens (/Users/jonomatusky/.nvm/versions/node/v14.15.0/lib/node_modules/firebase-tools/lib/auth.js:448:15)
    at processTicksAndRejections (internal/process/task_queues.js:93:5)
    at async Client.getAccessToken (/Users/jonomatusky/.nvm/versions/node/v14.15.0/lib/node_modules/firebase-tools/lib/apiv2.js:144:23)
    at async Client.addAuthHeader (/Users/jonomatusky/.nvm/versions/node/v14.15.0/lib/node_modules/firebase-tools/lib/apiv2.js:135:21)
    at async Client.request (/Users/jonomatusky/.nvm/versions/node/v14.15.0/lib/node_modules/firebase-tools/lib/apiv2.js:93:34)
    at async Object.getFirebaseProject (/Users/jonomatusky/.nvm/versions/node/v14.15.0/lib/node_modules/firebase-tools/lib/management/projects.js:290:21)
    at async Object.getDefaultHostingSite (/Users/jonomatusky/.nvm/versions/node/v14.15.0/lib/node_modules/firebase-tools/lib/getDefaultHostingSite.js:8:21)
    at async requireHostingSite (/Users/jonomatusky/.nvm/versions/node/v14.15.0/lib/node_modules/firebase-tools/lib/requireHostingSite.js:9:18)
    at async Object.fn (/Users/jonomatusky/.nvm/versions/node/v14.15.0/lib/node_modules/firebase-tools/lib/commands/deploy.js:66:9)
    at async /Users/jonomatusky/.nvm/versions/node/v14.15.0/lib/node_modules/firebase-tools/lib/command.js:169:17
[error] 
[error] Error: Failed to get Firebase project plynth-test. Please make sure the project exists and your account has permission to access it.
